[    0.000000] Linux version 4.15.0-192-generic (buildd@lcy02-amd64-029) (gcc version 7.5.0 (Ubuntu 7.5.0-3ubuntu1~18.04)) #203-Ubuntu SMP Wed Aug 10 17:40:03 UTC 2022 (Ubuntu 4.15.0-192.203-generic 4.15.18)
[    0.000000] Command line: BOOT_IMAGE=/boot/vmlinuz-4.15.0-192-generic root=LABEL=cloudimg-rootfs ro console=tty1 console=ttyS0
[    0.000000] KERNEL supported cpus:
[    0.000000]   Intel GenuineIntel
[    0.000000]   AMD AuthenticAMD
[    0.000000]   Centaur CentaurHauls
[    0.000000] x86/fpu: Supporting XSAVE feature 0x001: 'x87 floating point registers'
[    0.000000] x86/fpu: Supporting XSAVE feature 0x002: 'SSE registers'
[    0.000000] x86/fpu: Supporting XSAVE feature 0x004: 'AVX registers'
[    0.000000] x86/fpu: xstate_offset[2]:  576, xstate_sizes[2]:  256
[    0.000000] x86/fpu: Enabled xstate features 0x7, context size is 832 bytes, using 'standard' format.
[    0.000000] e820: BIOS-provided physical RAM map:
[    0.000000] BIOS-e820: [mem 0x0000000000000000-0x000000000009fbff] usable
[    0.000000] BIOS-e820: [mem 0x000000000009fc00-0x000000000009ffff] reserved
[    0.000000] BIOS-e820: [mem 0x00000000000f0000-0x00000000000fffff] reserved
[    0.000000] BIOS-e820: [mem 0x0000000000100000-0x00000000bffeffff] usable
[    0.000000] BIOS-e820: [mem 0x00000000bfff0000-0x00000000bfffffff] ACPI data
[    0.000000] BIOS-e820: [mem 0x00000000fec00000-0x00000000fec00fff] reserved
[    0.000000] BIOS-e820: [mem 0x00000000fee00000-0x00000000fee00fff] reserved
[    0.000000] BIOS-e820: [mem 0x00000000fffc0000-0x00000000ffffffff] reserved
[    0.000000] NX (Execute Disable) protection: active
[    0.000000] SMBIOS 2.5 present.
[    0.000000] DMI: innotek GmbH VirtualBox/VirtualBox, BIOS VirtualBox 12/01/2006
[    0.000000] Hypervisor detected: KVM
[    0.000000] e820: last_pfn = 0xbfff0 max_arch_pfn = 0x400000000
[    0.000000] MTRR: Disabled
[    0.000000] x86/PAT: MTRRs disabled, skipping PAT initialization too.
[    0.000000] CPU MTRRs all blank - virtualized system.
[    0.000000] x86/PAT: Configuration [0-7]: WB  WT  UC- UC  WB  WT  UC- UC  
[    0.000000] found SMP MP-table at [mem 0x0009fff0-0x0009ffff]
[    0.000000] Scanning 1 areas for low memory corruption
[    0.000000] RAMDISK: [mem 0x359cb000-0x36cdcfff]
[    0.000000] ACPI: Early table checksum verification disabled
[    0.000000] ACPI: RSDP 0x00000000000E0000 000024 (v02 VBOX  )
[    0.000000] ACPI: XSDT 0x00000000BFFF0030 00003C (v01 VBOX   VBOXXSDT 00000001 ASL  00000061)
[    0.000000] ACPI: FACP 0x00000000BFFF00F0 0000F4 (v04 VBOX   VBOXFACP 00000001 ASL  00000061)
[    0.000000] ACPI: DSDT 0x00000000BFFF0470 002325 (v02 VBOX   VBOXBIOS 00000002 INTL 20100528)
[    0.000000] ACPI: FACS 0x00000000BFFF0200 000040
[    0.000000] ACPI: FACS 0x00000000BFFF0200 000040
[    0.000000] ACPI: APIC 0x00000000BFFF0240 000054 (v02 VBOX   VBOXAPIC 00000001 ASL  00000061)
[    0.000000] ACPI: SSDT 0x00000000BFFF02A0 0001CC (v01 VBOX   VBOXCPUT 00000002 INTL 20100528)
[    0.000000] ACPI: Reserving FACP table memory at [mem 0xbfff00f0-0xbfff01e3]
[    0.000000] ACPI: Reserving DSDT table memory at [mem 0xbfff0470-0xbfff2794]
[    0.000000] ACPI: Reserving FACS table memory at [mem 0xbfff0200-0xbfff023f]
[    0.000000] ACPI: Reserving FACS table memory at [mem 0xbfff0200-0xbfff023f]
[    0.000000] ACPI: Reserving APIC table memory at [mem 0xbfff0240-0xbfff0293]
[    0.000000] ACPI: Reserving SSDT table memory at [mem 0xbfff02a0-0xbfff046b]
[    0.000000] No NUMA configuration found
[    0.000000] Faking a node at [mem 0x0000000000000000-0x00000000bffeffff]
[    0.000000] NODE_DATA(0) allocated [mem 0xbffc5000-0xbffeffff]
[    0.000000] kvm-clock: cpu 0, msr 0:bff44001, primary cpu clock
[    0.000000] kvm-clock: Using msrs 4b564d01 and 4b564d00
[    0.000000] kvm-clock: using sched offset of 3803516418 cycles
[    0.000000] clocksource: kvm-clock: mask: 0xffffffffffffffff max_cycles: 0x1cd42e4dffb, max_idle_ns: 881590591483 ns
[    0.000000] Zone ranges:
[    0.000000]   DMA      [mem 0x0000000000001000-0x0000000000ffffff]
[    0.000000]   DMA32    [mem 0x0000000001000000-0x00000000bffeffff]
[    0.000000]   Normal   empty
[    0.000000]   Device   empty
[    0.000000] Movable zone start for each node
[    0.000000] Early memory node ranges
[    0.000000]   node   0: [mem 0x0000000000001000-0x000000000009efff]
[    0.000000]   node   0: [mem 0x0000000000100000-0x00000000bffeffff]
[    0.000000] Reserved but unavailable: 104 pages
[    0.000000] Initmem setup node 0 [mem 0x0000000000001000-0x00000000bffeffff]
[    0.000000] ACPI: PM-Timer IO Port: 0x4008
[    0.000000] IOAPIC[0]: apic_id 1, version 32, address 0xfec00000, GSI 0-23
[    0.000000] ACPI: INT_SRC_OVR (bus 0 bus_irq 0 global_irq 2 dfl dfl)
[    0.000000] ACPI: INT_SRC_OVR (bus 0 bus_irq 9 global_irq 9 low level)
[    0.000000] Using ACPI (MADT) for SMP configuration information
[    0.000000] smpboot: Allowing 1 CPUs, 0 hotplug CPUs
[    0.000000] PM: Registered nosave memory: [mem 0x00000000-0x00000fff]
[    0.000000] PM: Registered nosave memory: [mem 0x0009f000-0x0009ffff]
[    0.000000] PM: Registered nosave memory: [mem 0x000a0000-0x000effff]
[    0.000000] PM: Registered nosave memory: [mem 0x000f0000-0x000fffff]
[    0.000000] e820: [mem 0xc0000000-0xfebfffff] available for PCI devices
[    0.000000] Booting paravirtualized kernel on KVM
[    0.000000] clocksource: refined-jiffies: mask: 0xffffffff max_cycles: 0xffffffff, max_idle_ns: 7645519600211568 ns
[    0.000000] random: get_random_bytes called from start_kernel+0x99/0x500 with crng_init=0
[    0.000000] setup_percpu: NR_CPUS:8192 nr_cpumask_bits:1 nr_cpu_ids:1 nr_node_ids:1
[    0.000000] percpu: Embedded 50 pages/cpu s167936 r8192 d28672 u2097152
[    0.000000] PV qspinlock hash table entries: 256 (order: 0, 4096 bytes)
[    0.000000] Built 1 zonelists, mobility grouping on.  Total pages: 774009
[    0.000000] Policy zone: DMA32
[    0.000000] Kernel command line: BOOT_IMAGE=/boot/vmlinuz-4.15.0-192-generic root=LABEL=cloudimg-rootfs ro console=tty1 console=ttyS0
[    0.000000] Memory: 3047232K/3145272K available (12300K kernel code, 2484K rwdata, 4324K rodata, 2468K init, 2724K bss, 98040K reserved, 0K cma-reserved)
[    0.000000] SLUB: HWalign=64, Order=0-3, MinObjects=0, CPUs=1, Nodes=1
[    0.000000] ftrace: allocating 39482 entries in 155 pages
[    0.004000] Hierarchical RCU implementation.
[    0.004000] 	RCU restricting CPUs from NR_CPUS=8192 to nr_cpu_ids=1.
[    0.004000] 	Tasks RCU enabled.
[    0.004000] RCU: Adjusting geometry for rcu_fanout_leaf=16, nr_cpu_ids=1
[    0.004000] NR_IRQS: 524544, nr_irqs: 256, preallocated irqs: 16
[    0.004000] Console: colour VGA+ 80x25
[    0.004000] console [tty1] enabled
[    0.004000] console [ttyS0] enabled
[    0.004000] ACPI: Core revision 20170831
[    0.004000] ACPI: 2 ACPI AML tables successfully acquired and loaded
[    0.004000] APIC: Switch to symmetric I/O mode setup
[    0.004000] x2apic enabled
[    0.004000] Switched APIC routing to physical x2apic.
[    0.004000] ..TIMER: vector=0x30 apic1=0 pin1=2 apic2=-1 pin2=-1
[    0.004011] tsc: Detected 1799.999 MHz processor
[    0.008017] Calibrating delay loop (skipped) preset value.. 3599.99 BogoMIPS (lpj=7199996)
[    0.012008] pid_max: default: 32768 minimum: 301
[    0.013594] Security Framework initialized
[    0.015092] Yama: becoming mindful.
[    0.016036] AppArmor: AppArmor initialized
[    0.024185] Dentry cache hash table entries: 524288 (order: 10, 4194304 bytes)
[    0.032176] Inode-cache hash table entries: 262144 (order: 9, 2097152 bytes)
[    0.036031] Mount-cache hash table entries: 8192 (order: 4, 65536 bytes)
[    0.037758] Mountpoint-cache hash table entries: 8192 (order: 4, 65536 bytes)
[    0.040253] process: using mwait in idle threads
[    0.041303] Last level iTLB entries: 4KB 64, 2MB 8, 4MB 8
[    0.042872] Last level dTLB entries: 4KB 64, 2MB 0, 4MB 0, 1GB 4
[    0.044011] Spectre V1 : Mitigation: usercopy/swapgs barriers and __user pointer sanitization
[    0.046132] Spectre V2 : Mitigation: Retpolines
[    0.047083] Spectre V2 : Spectre v2 / SpectreRSB mitigation: Filling RSB on context switch
[    0.048003] Speculative Store Bypass: Vulnerable
[    0.049262] MMIO Stale Data: Vulnerable: Clear CPU buffers attempted, no microcode
[    0.052007] SRBDS: Unknown: Dependent on hypervisor status
[    0.070382] Freeing SMP alternatives memory: 36K
[    0.182980] smpboot: CPU0: Intel(R) Core(TM) i5-8265U CPU @ 1.60GHz (family: 0x6, model: 0x8e, stepping: 0xc)
[    0.184000] Performance Events: unsupported p6 CPU model 142 no PMU driver, software events only.
[    0.184063] Hierarchical SRCU implementation.
[    0.188922] NMI watchdog: Perf event create on CPU 0 failed with -2
[    0.192005] NMI watchdog: Perf NMI watchdog permanently disabled
[    0.194340] smp: Bringing up secondary CPUs ...
[    0.196009] smp: Brought up 1 node, 1 CPU
[    0.197753] smpboot: Max logical packages: 1
[    0.198881] smpboot: Total of 1 processors activated (3599.99 BogoMIPS)
[    0.200245] devtmpfs: initialized
[    0.201243] x86/mm: Memory block size: 128MB
[    0.208184] evm: security.selinux
[    0.209148] evm: security.SMACK64
[    0.210067] evm: security.SMACK64EXEC
[    0.211113] evm: security.SMACK64TRANSMUTE
[    0.212000] evm: security.SMACK64MMAP
[    0.212010] evm: security.apparmor
[    0.212975] evm: security.ima
[    0.213784] evm: security.capability
[    0.215136] clocksource: jiffies: mask: 0xffffffff max_cycles: 0xffffffff, max_idle_ns: 7645041785100000 ns
[    0.216042] futex hash table entries: 256 (order: 2, 16384 bytes)
[    0.220085] pinctrl core: initialized pinctrl subsystem
[    0.224178] RTC time:  1:29:37, date: 09/10/22
[    0.226116] NET: Registered protocol family 16
[    0.228124] audit: initializing netlink subsys (disabled)
[    0.230118] cpuidle: using governor ladder
[    0.232007] cpuidle: using governor menu
[    0.233283] ACPI: bus type PCI registered
[    0.234947] acpiphp: ACPI Hot Plug PCI Controller Driver version: 0.5
[    0.236010] audit: type=2000 audit(1662773382.342:1): state=initialized audit_enabled=0 res=1
[    0.238598] PCI: Using configuration type 1 for base access
[    0.241562] HugeTLB registered 2.00 MiB page size, pre-allocated 0 pages
[    0.244309] ACPI: Added _OSI(Module Device)
[    0.245614] ACPI: Added _OSI(Processor Device)
[    0.248005] ACPI: Added _OSI(3.0 _SCP Extensions)
[    0.249300] ACPI: Added _OSI(Processor Aggregator Device)
[    0.251542] ACPI: Added _OSI(Linux-Dell-Video)
[    0.252017] ACPI: Added _OSI(Linux-Lenovo-NV-HDMI-Audio)
[    0.253213] ACPI: Added _OSI(Linux-HPI-Hybrid-Graphics)
[    0.256414] ACPI: Executed 1 blocks of module-level executable AML code
[    0.262197] ACPI: Interpreter enabled
[    0.263438] ACPI: (supports S0 S5)
[    0.264005] ACPI: Using IOAPIC for interrupt routing
[    0.265828] PCI: Using host bridge windows from ACPI; if necessary, use "pci=nocrs" and report a bug
[    0.268360] ACPI: Enabled 2 GPEs in block 00 to 07
[    0.280082] ACPI: PCI Root Bridge [PCI0] (domain 0000 [bus 00-ff])
[    0.282501] acpi PNP0A03:00: _OSC: OS supports [ASPM ClockPM Segments MSI]
[    0.284743] acpi PNP0A03:00: _OSC: not requesting OS control; OS requires [ExtendedConfig ASPM ClockPM MSI]
[    0.287326] acpi PNP0A03:00: fail to add MMCONFIG information, can't access extended PCI configuration space under this bridge.
[    0.292531] PCI host bridge to bus 0000:00
[    0.293818] pci_bus 0000:00: root bus resource [io  0x0000-0x0cf7 window]
[    0.295494] pci_bus 0000:00: root bus resource [io  0x0d00-0xffff window]
[    0.296005] pci_bus 0000:00: root bus resource [mem 0x000a0000-0x000bffff window]
[    0.298124] pci_bus 0000:00: root bus resource [mem 0xc0000000-0xfdffffff window]
[    0.300006] pci_bus 0000:00: root bus resource [bus 00-ff]
[    0.305973] pci 0000:00:01.1: legacy IDE quirk: reg 0x10: [io  0x01f0-0x01f7]
[    0.308011] pci 0000:00:01.1: legacy IDE quirk: reg 0x14: [io  0x03f6]
[    0.310100] pci 0000:00:01.1: legacy IDE quirk: reg 0x18: [io  0x0170-0x0177]
[    0.311744] pci 0000:00:01.1: legacy IDE quirk: reg 0x1c: [io  0x0376]
[    0.369899] pci 0000:00:07.0: quirk: [io  0x4000-0x403f] claimed by PIIX4 ACPI
[    0.372009] pci 0000:00:07.0: quirk: [io  0x4100-0x410f] claimed by PIIX4 SMB
[    0.388969] ACPI: PCI Interrupt Link [LNKA] (IRQs 5 9 10 *11)
[    0.391018] ACPI: PCI Interrupt Link [LNKB] (IRQs 5 9 *10 11)
[    0.392166] ACPI: PCI Interrupt Link [LNKC] (IRQs 5 *9 10 11)
[    0.393539] ACPI: PCI Interrupt Link [LNKD] (IRQs 5 9 10 *11)
[    0.395175] SCSI subsystem initialized
[    0.396150] pci 0000:00:02.0: vgaarb: setting as boot VGA device
[    0.397722] pci 0000:00:02.0: vgaarb: VGA device added: decodes=io+mem,owns=io+mem,locks=none
[    0.400022] pci 0000:00:02.0: vgaarb: bridge control possible
[    0.401758] vgaarb: loaded
[    0.402677] ACPI: bus type USB registered
[    0.404066] usbcore: registered new interface driver usbfs
[    0.406292] usbcore: registered new interface driver hub
[    0.408038] usbcore: registered new device driver usb
[    0.409956] EDAC MC: Ver: 3.0.0
[    0.412759] PCI: Using ACPI for IRQ routing
[    0.414612] NetLabel: Initializing
[    0.416007] NetLabel:  domain hash size = 128
[    0.417237] NetLabel:  protocols = UNLABELED CIPSOv4 CALIPSO
[    0.418768] NetLabel:  unlabeled traffic allowed by default
[    0.420264] clocksource: Switched to clocksource kvm-clock
[    0.448424] VFS: Disk quotas dquot_6.6.0
[    0.449399] VFS: Dquot-cache hash table entries: 512 (order 0, 4096 bytes)
[    0.451308] AppArmor: AppArmor Filesystem Enabled
[    0.452472] pnp: PnP ACPI init
[    0.454542] pnp: PnP ACPI: found 3 devices
[    0.465369] clocksource: acpi_pm: mask: 0xffffff max_cycles: 0xffffff, max_idle_ns: 2085701024 ns
[    0.468433] NET: Registered protocol family 2
[    0.470075] IP idents hash table entries: 65536 (order: 7, 524288 bytes)
[    0.472989] TCP established hash table entries: 32768 (order: 6, 262144 bytes)
[    0.475587] TCP bind hash table entries: 32768 (order: 7, 524288 bytes)
[    0.477532] TCP: Hash tables configured (established 32768 bind 32768)
[    0.479613] UDP hash table entries: 2048 (order: 4, 65536 bytes)
[    0.482174] UDP-Lite hash table entries: 2048 (order: 4, 65536 bytes)
[    0.484154] NET: Registered protocol family 1
[    0.485268] pci 0000:00:00.0: Limiting direct PCI/PCI transfers
[    0.486656] pci 0000:00:01.0: Activating ISA DMA hang workarounds
[    0.488104] pci 0000:00:02.0: Video device with shadowed ROM at [mem 0x000c0000-0x000dffff]
[    0.490260] Unpacking initramfs...
[    0.971628] Freeing initrd memory: 19528K
[    0.972847] clocksource: tsc: mask: 0xffffffffffffffff max_cycles: 0x19f228ab7a2, max_idle_ns: 440795289252 ns
[    0.975565] platform rtc_cmos: registered platform RTC device (no PNP device found)
[    0.977510] Scanning for low memory corruption every 60 seconds
[    0.979571] Initialise system trusted keyrings
[    0.980905] Key type blacklist registered
[    0.982194] workingset: timestamp_bits=36 max_order=20 bucket_order=0
[    0.985182] zbud: loaded
[    0.986961] squashfs: version 4.0 (2009/01/31) Phillip Lougher
[    0.988421] fuse init (API version 7.26)
[    0.990046] Key type asymmetric registered
[    0.990895] Asymmetric key parser 'x509' registered
[    0.991932] Block layer SCSI generic (bsg) driver version 0.4 loaded (major 246)
[    0.993497] io scheduler noop registered
[    0.994318] io scheduler deadline registered
[    0.995197] io scheduler cfq registered (default)
[    0.996423] ACPI: AC Adapter [AC] (on-line)
[    0.997553] input: Power Button as /devices/LNXSYSTM:00/LNXPWRBN:00/input/input0
[    1.000277] ACPI: Power Button [PWRF]
[    1.001287] input: Sleep Button as /devices/LNXSYSTM:00/LNXSLPBN:00/input/input1
[    1.002800] ACPI: Sleep Button [SLPF]
[    1.008417] ACPI: Battery Slot [BAT0] (battery present)
[    1.010596] Serial: 8250/16550 driver, 32 ports, IRQ sharing enabled
[    1.033614] 00:02: ttyS0 at I/O 0x3f8 (irq = 4, base_baud = 115200) is a 16550A
[    1.036998] Linux agpgart interface v0.103
[    1.039601] loop: module loaded
[    1.041038] scsi host0: ata_piix
[    1.042137] scsi host1: ata_piix
[    1.043214] ata1: PATA max UDMA/33 cmd 0x1f0 ctl 0x3f6 bmdma 0xd000 irq 14
[    1.045000] ata2: PATA max UDMA/33 cmd 0x170 ctl 0x376 bmdma 0xd008 irq 15
[    1.047705] tun: Universal TUN/TAP device driver, 1.6
[    1.049684] PPP generic driver version 2.4.2
[    1.050738] ehci_hcd: USB 2.0 'Enhanced' Host Controller (EHCI) Driver
[    1.052185] ehci-pci: EHCI PCI platform driver
[    1.053207] ehci-platform: EHCI generic platform driver
[    1.054231] ohci_hcd: USB 1.1 'Open' Host Controller (OHCI) Driver
[    1.055466] ohci-pci: OHCI PCI platform driver
[    1.056443] ohci-platform: OHCI generic platform driver
[    1.057684] uhci_hcd: USB Universal Host Controller Interface driver
[    1.060140] i8042: PNP: PS/2 Controller [PNP0303:PS2K,PNP0f03:PS2M] at 0x60,0x64 irq 1,12
[    1.062656] serio: i8042 KBD port at 0x60,0x64 irq 1
[    1.064424] serio: i8042 AUX port at 0x60,0x64 irq 12
[    1.066920] mousedev: PS/2 mouse device common for all mice
[    1.069442] input: AT Translated Set 2 keyboard as /devices/platform/i8042/serio0/input/input2
[    1.072178] rtc_cmos rtc_cmos: rtc core: registered rtc_cmos as rtc0
[    1.074067] rtc_cmos rtc_cmos: alarms up to one day, 114 bytes nvram
[    1.075356] i2c /dev entries driver
[    1.076910] device-mapper: uevent: version 1.0.3
[    1.078224] device-mapper: ioctl: 4.37.0-ioctl (2017-09-20) initialised: dm-devel@redhat.com
[    1.081276] ledtrig-cpu: registered to indicate activity on CPUs
[    1.083119] intel_pmc_core:  initialized
[    1.084812] NET: Registered protocol family 10
[    1.088822] Segment Routing with IPv6
[    1.089653] NET: Registered protocol family 17
[    1.090831] Key type dns_resolver registered
[    1.091892] mce: Using 0 MCE banks
[    1.092662] RAS: Correctable Errors collector initialized.
[    1.094120] sched_clock: Marking stable (1092626976, 0)->(1413992350, -321365374)
[    1.096075] registered taskstats version 1
[    1.097161] Loading compiled-in X.509 certificates
[    1.100803] Loaded X.509 cert 'Build time autogenerated kernel key: af04d57e94487e4500da7630f19b69a59e91d95a'
[    1.104215] Loaded X.509 cert 'Canonical Ltd. Live Patch Signing: 14df34d1a87cf37625abec039ef2bf521249b969'
[    1.107419] Loaded X.509 cert 'Canonical Ltd. Kernel Module Signing: 88f752e560a1e0737e31163a466ad7b70a850c19'
[    1.109938] blacklist: Loading compiled-in revocation X.509 certificates
[    1.112846] Loaded X.509 cert 'Canonical Ltd. Secure Boot Signing: 61482aa2830d0ab2ad5af10b7250da9033ddcef0'
[    1.115867] zswap: loaded using pool lzo/zbud
[    1.120118] Key type big_key registered
[    1.121402] Key type trusted registered
[    1.123516] Key type encrypted registered
[    1.124553] AppArmor: AppArmor sha1 policy hashing enabled
[    1.125661] ima: No TPM chip found, activating TPM-bypass! (rc=-19)
[    1.126864] ima: Allocated hash algorithm: sha1
[    1.127797] evm: HMAC attrs: 0x1
[    1.129064]   Magic number: 6:797:457
[    1.129987] rtc_cmos rtc_cmos: setting system clock to 2022-09-10 01:29:38 UTC (1662773378)
[    1.132339] BIOS EDD facility v0.16 2004-Jun-25, 0 devices found
[    1.134005] EDD information not available.
[    1.233771] Freeing unused kernel image memory: 2468K
[    1.240891] Write protecting the kernel read-only data: 20480k
[    1.243194] Freeing unused kernel image memory: 2008K
[    1.244958] Freeing unused kernel image memory: 1820K
[    1.255723] x86/mm: Checked W+X mappings: passed, no W+X pages found.
Loading, please wait...
starting version 237
[    1.363424] e1000: Intel(R) PRO/1000 Network Driver - version 7.3.21-k8-NAPI
[    1.365627] e1000: Copyright (c) 1999-2006 Intel Corporation.
[    1.369503] Fusion MPT base driver 3.04.20
[    1.370392] Copyright (c) 1999-2008 LSI Corporation
[    1.391184] Fusion MPT SPI Host driver 3.04.20
[    1.414522] AVX2 version of gcm_enc/dec engaged.
[    1.415809] AES CTR mode by8 optimization enabled
[    1.586005] input: ImExPS/2 Generic Explorer Mouse as /devices/platform/i8042/serio1/input/input4
[    1.813699] e1000 0000:00:03.0 eth0: (PCI:33MHz:32-bit) 02:a0:66:c7:c8:08
[    1.816798] e1000 0000:00:03.0 eth0: Intel(R) PRO/1000 Network Connection
[    1.822472] e1000 0000:00:03.0 enp0s3: renamed from eth0
[    1.825205] mptbase: ioc0: Initiating bringup
[    1.920685] ioc0: LSI53C1030 A0: Capabilities={Initiator}
[    2.162499] scsi host2: ioc0: LSI53C1030 A0, FwRev=00000000h, Ports=1, MaxQ=256, IRQ=20
[    2.333083] scsi 2:0:0:0: Direct-Access     VBOX     HARDDISK         1.0  PQ: 0 ANSI: 5
[    2.335599] scsi target2:0:0: Beginning Domain Validation
[    2.339210] random: fast init done
[    2.341330] scsi target2:0:0: Domain Validation skipping write tests
[    2.342816] scsi target2:0:0: Ending Domain Validation
[    2.343760] scsi target2:0:0: asynchronous
[    2.345229] scsi 2:0:1:0: Direct-Access     VBOX     HARDDISK         1.0  PQ: 0 ANSI: 5
[    2.347117] scsi target2:0:1: Beginning Domain Validation
[    2.350672] scsi target2:0:1: Domain Validation skipping write tests
[    2.352660] scsi target2:0:1: Ending Domain Validation
[    2.354208] scsi target2:0:1: asynchronous
[    2.361161] random: systemd-udevd: uninitialized urandom read (16 bytes read)
[    2.365086] sd 2:0:0:0: Attached scsi generic sg0 type 0
[    2.366978] random: systemd-udevd: uninitialized urandom read (16 bytes read)
[    2.368960] sd 2:0:0:0: [sda] 83886080 512-byte logical blocks: (42.9 GB/40.0 GiB)
[    2.370334] sd 2:0:0:0: [sda] Write Protect is off
[    2.371125] sd 2:0:0:0: [sda] Incomplete mode parameter data
[    2.372085] sd 2:0:0:0: [sda] Assuming drive cache: write through
[    2.373495] sd 2:0:1:0: [sdb] 20480 512-byte logical blocks: (10.5 MB/10.0 MiB)
[    2.374791] sd 2:0:1:0: [sdb] Write Protect is off
[    2.375766] sd 2:0:1:0: Attached scsi generic sg1 type 0
[    2.376665] sd 2:0:1:0: [sdb] Incomplete mode parameter data
[    2.377676] sd 2:0:1:0: [sdb] Assuming drive cache: write through
[    2.379308] random: systemd-udevd: uninitialized urandom read (16 bytes read)
[    2.403935]  sda: sda1
[    2.405314] sd 2:0:0:0: [sda] Attached SCSI disk
[    2.407464] sd 2:0:1:0: [sdb] Attached SCSI disk
Begin: Loading essential drivers ... [    3.928107] raid6: sse2x1   gen()  8359 MB/s
[    3.976141] raid6: sse2x1   xor()  3806 MB/s
[    4.024443] raid6: sse2x2   gen() 10092 MB/s
[    4.072075] raid6: sse2x2   xor()  5616 MB/s
[    4.120415] raid6: sse2x4   gen() 10527 MB/s
[    4.168347] raid6: sse2x4   xor()  6055 MB/s
[    4.216113] raid6: avx2x1   gen() 15795 MB/s
[    4.264143] raid6: avx2x1   xor()  9204 MB/s
[    4.312199] raid6: avx2x2   gen() 17941 MB/s
[    4.360093] raid6: avx2x2   xor() 11941 MB/s
[    4.408092] raid6: avx2x4   gen() 19842 MB/s
[    4.456087] raid6: avx2x4   xor() 13005 MB/s
[    4.457460] raid6: using algorithm avx2x4 gen() 19842 MB/s
[    4.459657] raid6: .... xor() 13005 MB/s, rmw enabled
[    4.461377] raid6: using avx2x2 recovery algorithm
[    4.464943] xor: automatically using best checksumming function   avx       
[    4.468493] async_tx: api initialized (async)
done.
Begin: Running /scripts/init-premount ... done.
Begin: Mounting root file system ... Begin: Running /scripts/local-top ... done.
Begin: Running /scripts/local-premount ... [    4.543689] Btrfs loaded, crc32c=crc32c-intel
Scanning for Btrfs filesystems
done.
Warning: fsck not present, so skipping root file system
[    4.603740] EXT4-fs (sda1): mounted filesystem with ordered data mode. Opts: (null)
done.
Begin: Running /scripts/local-bottom ... done.
Begin: Running /scripts/init-bottom ... done.
[    4.798377] ip_tables: (C) 2000-2006 Netfilter Core Team
[    4.811372] systemd[1]: systemd 237 running in system mode. (+PAM +AUDIT +SELINUX +IMA +APPARMOR +SMACK +SYSVINIT +UTMP +LIBCRYPTSETUP +GCRYPT +GNUTLS +ACL +XZ +LZ4 +SECCOMP +BLKID +ELFUTILS +KMOD -IDN2 +IDN -PCRE2 default-hierarchy=hybrid)
[    4.820232] systemd[1]: Detected virtualization oracle.
[    4.821726] systemd[1]: Detected architecture x86-64.

Welcome to [1mUbuntu 18.04.6 LTS[0m!

[    4.827197] systemd[1]: Set hostname to <ubuntu>.
[    4.831758] systemd[1]: Initializing machine ID from random generator.
[    4.833779] systemd[1]: Installed transient /etc/machine-id file.
[    5.140150] systemd[1]: Set up automount Arbitrary Executable File Formats File System Automount Point.
[[0;32m  OK  [0m] Set up automount Arbitrary Executab…rmats File System Automount Point.
[    5.152332] systemd[1]: Started Forward Password Requests to Wall Directory Watch.
[[0;32m  OK  [0m] Started Forward Password Requests to Wall Directory Watch.
[    5.165585] systemd[1]: Created slice User and Session Slice.
[[0;32m  OK  [0m] Created slice User and Session Slice.
[    5.176781] systemd[1]: Reached target User and Group Name Lookups.
[[0;32m  OK  [0m] Reached target User and Group Name Lookups.
[[0;32m  OK  [0m] Created slice System Slice.
[[0;32m  OK  [0m] Listening on udev Control Socket.
[[0;32m  OK  [0m] Listening on Journal Socket (/dev/log).
[[0;32m  OK  [0m] Listening on Network Service Netlink Socket.
[[0;32m  OK  [0m] Reached target Slices.
[[0;32m  OK  [0m] Listening on Journal Audit Socket.
[[0;32m  OK  [0m] Listening on Device-mapper event daemon FIFOs.
[[0;32m  OK  [0m] Created slice system-serial\x2dgetty.slice.
[[0;32m  OK  [0m] Listening on LVM2 poll daemon socket.
[[0;32m  OK  [0m] Listening on fsck to fsckd communication Socket.
[[0;32m  OK  [0m] Listening on /dev/initctl Compatibility Named Pipe.
[[0;32m  OK  [0m] Listening on udev Kernel Socket.
[[0;32m  OK  [0m] Reached target System Time Synchronized.
[[0;32m  OK  [0m] Reached target Swap.
[[0;32m  OK  [0m] Listening on Syslog Socket.
[[0;32m  OK  [0m] Listening on Journal Socket.
         Starting File System Check on Root Device...
         Starting Load Kernel Modules...
         Starting Uncomplicated firewall...
         Mounting POSIX Message Queue File System...
[    5.318314] Loading iSCSI transport class v2.0-870.
         Starting Journal Service...
         Starting Set the console keyboard layout...
[    5.346301] iscsi: registered transport (tcp)
[    5.369549] iscsi: registered transport (iser)
         Mounting Kernel Debug File System...
         Starting Create list of required st…ce nodes for the current kernel...
         Mounting Huge Pages File System...
         Starting udev Coldplug all Devices...
[[0;32m  OK  [0m] Listening on LVM2 metadata daemon socket.
         Starting Monitoring of LVM2 mirrors…ng dmeventd or progress polling...
[[0;32m  OK  [0m] Started File System Check on Root Device.
[[0;32m  OK  [0m] Started Load Kernel Modules.
[[0;32m  OK  [0m] Started Uncomplicated firewall.
[[0;32m  OK  [0m] Mounted POSIX Message Queue File System.
[[0;32m  OK  [0m] Started Journal Service.
[[0;32m  OK  [0m] Mounted Kernel Debug File System.
[[0;32m  OK  [0m] Started Create list of required sta…vice nodes for the current kernel.
[[0;32m  OK  [0m] Mounted Huge Pages File System.
[[0;32m  OK  [0m] Started File System Check Daemon to report status.
         Starting Create Static Device Nodes in /dev...
         Mounting Kernel Configuration File System...
         Mounting FUSE Control File System...
         Starting Apply Kernel Variables...
         Starting Remount Root and Kernel File Systems...
[[0;32m  OK  [0m] Mounted Kernel Configuration File System.
[[0;32m  OK  [0m] Mounted FUSE Control File System.
[[0;32m  OK  [0m] Started LVM2 metadata daemon.
[[0;32m  OK  [0m] Started Create Static Device Nodes in /dev.
[[0;32m  OK  [0m] Started Apply Kernel Variables.
[[0;32m  OK  [0m] Started Remount Root and Kernel File Systems.
         Starting Load/Save Random Seed...
         Starting Flush Journal to Persistent Storage...
         Starting udev Kernel Device Manager...
[[0;32m  OK  [0m] Started Load/Save Random Seed.
[[0;32m  OK  [0m] Started Monitoring of LVM2 mirrors,…sing dmeventd or progress polling.
[[0;32m  OK  [0m] Started udev Coldplug all Devices.
[[0;32m  OK  [0m] Started udev Kernel Device Manager.
[[0;32m  OK  [0m] Started Flush Journal to Persistent Storage.
[[0;32m  OK  [0m] Found device /dev/ttyS0.
[[0;32m  OK  [0m] Listening on Load/Save RF Kill Switch Status /dev/rfkill Watch.
[[0;32m  OK  [0m] Started Set the console keyboard layout.
[[0;32m  OK  [0m] Reached target Local File Systems (Pre).
[[0;32m  OK  [0m] Reached target Local File Systems.
         Starting Commit a transient machine-id on disk...
         Starting Create Volatile Files and Directories...
         Starting Set console font and keymap...
         Starting Tell Plymouth To Write Out Runtime Data...
         Starting AppArmor initialization...
         Starting ebtables ruleset management...
[[0;32m  OK  [0m] Started Dispatch Password Requests to Console Directory Watch.
[[0;32m  OK  [0m] Reached target Local Encrypted Volumes.
[[0;32m  OK  [0m] Started Create Volatile Files and Directories.
         Starting Update UTMP about System Boot/Shutdown...
[[0;32m  OK  [0m] Started Tell Plymouth To Write Out Runtime Data.
[[0;32m  OK  [0m] Started Commit a transient machine-id on disk.
[[0;32m  OK  [0m] Started Update UTMP about System Boot/Shutdown.
[[0;32m  OK  [0m] Started ebtables ruleset management.
[[0;32m  OK  [0m] Started AppArmor initialization.
         Starting Load AppArmor profiles managed internally by snapd...
         Starting Initial cloud-init job (pre-networking)...
[[0;32m  OK  [0m] Started Load AppArmor profiles managed internally by snapd.
[[0;32m  OK  [0m] Started Set console font and keymap.
[   11.414998] cloud-init[777]: Cloud-init v. 22.2-0ubuntu1~18.04.3 running 'init-local' at Sat, 10 Sep 2022 01:29:48 +0000. Up 11.00 seconds.
[[0;32m  OK  [0m] Started Initial cloud-init job (pre-networking).
[[0;32m  OK  [0m] Reached target Network (Pre).
         Starting Network Service...
[[0;32m  OK  [0m] Started Network Service.
         Starting Network Name Resolution...
         Starting Wait for Network to be Configured...
[[0;32m  OK  [0m] Started Network Name Resolution.
[[0;32m  OK  [0m] Reached target Network.
[[0;32m  OK  [0m] Reached target Host and Network Name Lookups.
[[0;32m  OK  [0m] Started Wait for Network to be Configured.
         Starting Initial cloud-init job (metadata service crawler)...
[   13.845532] cloud-init[876]: Cloud-init v. 22.2-0ubuntu1~18.04.3 running 'init' at Sat, 10 Sep 2022 01:29:50 +0000. Up 13.58 seconds.
[   13.849558] cloud-init[876]: ci-info: ++++++++++++++++++++++++++++++++++++++Net device info++++++++++++++++++++++++++++++++++++++
[   13.855253] cloud-init[876]: ci-info: +--------+------+----------------------------+---------------+--------+-------------------+
[   13.860286] cloud-init[876]: ci-info: | Device |  Up  |          Address           |      Mask     | Scope  |     Hw-Address    |
[   13.868442] cloud-init[876]: ci-info: +--------+------+----------------------------+---------------+--------+-------------------+
[   13.870979] cloud-init[876]: ci-info: | enp0s3 | True |         10.0.2.15          | 255.255.255.0 | global | 02:a0:66:c7:c8:08 |
[   13.876497] cloud-init[876]: ci-info: | enp0s3 | True | fe80::a0:66ff:fec7:c808/64 |       .       |  link  | 02:a0:66:c7:c8:08 |
[   13.881643] cloud-init[876]: ci-info: |   lo   | True |         127.0.0.1          |   255.0.0.0   |  host  |         .         |
[   13.891256] cloud-init[876]: ci-info: |   lo   | True |          ::1/128           |       .       |  host  |         .         |
[   13.898328] cloud-init[876]: ci-info: +--------+------+----------------------------+---------------+--------+-------------------+
[   13.903290] cloud-init[876]: ci-info: ++++++++++++++++++++++++++++Route IPv4 info+++++++++++++++++++++++++++++
[   13.912334] cloud-init[876]: ci-info: +-------+-------------+----------+-----------------+-----------+-------+
[   13.914983] cloud-init[876]: ci-info: | Route | Destination | Gateway  |     Genmask     | Interface | Flags |
[   13.920425] cloud-init[876]: ci-info: +-------+-------------+----------+-----------------+-----------+-------+
[   13.927861] cloud-init[876]: ci-info: |   0   |   0.0.0.0   | 10.0.2.2 |     0.0.0.0     |   enp0s3  |   UG  |
[   13.932362] cloud-init[876]: ci-info: |   1   |   10.0.2.0  | 0.0.0.0  |  255.255.255.0  |   enp0s3  |   U   |
[   13.940256] cloud-init[876]: ci-info: |   2   |   10.0.2.2  | 0.0.0.0  | 255.255.255.255 |   enp0s3  |   UH  |
[   13.943049] cloud-init[876]: ci-info: +-------+-------------+----------+-----------------+-----------+-------+
[   13.952241] cloud-init[876]: ci-info: +++++++++++++++++++Route IPv6 info+++++++++++++++++++
[   13.954661] cloud-init[876]: ci-info: +-------+-------------+---------+-----------+-------+
[   13.958189] cloud-init[876]: ci-info: | Route | Destination | Gateway | Interface | Flags |
[   13.964310] cloud-init[876]: ci-info: +-------+-------------+---------+-----------+-------+
[   13.968292] cloud-init[876]: ci-info: |   1   |  fe80::/64  |    ::   |   enp0s3  |   U   |
[   13.972226] cloud-init[876]: ci-info: |   3   |    local    |    ::   |   enp0s3  |   U   |
[   13.975282] cloud-init[876]: ci-info: |   4   |   ff00::/8  |    ::   |   enp0s3  |   U   |
[   13.982182] cloud-init[876]: ci-info: +-------+-------------+---------+-----------+-------+
[   14.759827] cloud-init[876]: Generating public/private rsa key pair.
[   14.761659] cloud-init[876]: Your identification has been saved in /etc/ssh/ssh_host_rsa_key.
[   14.768344] cloud-init[876]: Your public key has been saved in /etc/ssh/ssh_host_rsa_key.pub.
[   14.770531] cloud-init[876]: The key fingerprint is:
[   14.776230] cloud-init[876]: SHA256:l/9sut2/olGAlMFo9jYX48jMGzLeIxwv7zh2DsuTQZk root@ubuntu-bionic
[   14.778221] cloud-init[876]: The key's randomart image is:
[   14.784297] cloud-init[876]: +---[RSA 2048]----+
[   14.785554] cloud-init[876]: |        ooo      |
[   14.787500] cloud-init[876]: |       +.o.o     |
[   14.792972] cloud-init[876]: |      o B.o.o    |
[   14.794325] cloud-init[876]: |       E X +.    |
[   14.800292] cloud-init[876]: |      + S B  .   |
[   14.803025] cloud-init[876]: |       * * ..    |
[   14.808468] cloud-init[876]: |       .* ...    |
[   14.809980] cloud-init[876]: |      .=+o  .=.. |
[   14.811628] cloud-init[876]: |      .+*o .++=.=|
[   14.817305] cloud-init[876]: +----[SHA256]-----+
[   14.818775] cloud-init[876]: Generating public/private dsa key pair.
[   14.824407] cloud-init[876]: Your identification has been saved in /etc/ssh/ssh_host_dsa_key.
[   14.826781] cloud-init[876]: Your public key has been saved in /etc/ssh/ssh_host_dsa_key.pub.
[   14.832454] cloud-init[876]: The key fingerprint is:
[   14.833877] cloud-init[876]: SHA256:REv1fbFg6W+E2YM/gcXB8muzJJZrI+aQ7U7T4BeKZ4Y root@ubuntu-bionic
[   14.845096] cloud-init[876]: The key's randomart image is:
[   14.847973] cloud-init[876]: +---[DSA 1024]----+
[   14.852287] cloud-init[876]: |        o..  o+o.|
[   14.853559] cloud-init[876]: |       o . ..+.+o|
[   14.860283] cloud-init[876]: |        o   o @..|
[   14.861682] cloud-init[876]: |       .     * B |
[   14.863372] cloud-init[876]: |        S  . .= +|
[   14.869516] cloud-init[876]: |          * ++.X |
[   14.871090] cloud-init[876]: |         E X.o* +|
[   14.872513] cloud-init[876]: |          Boo+ . |
[   14.876245] cloud-init[876]: |          ++o .  |
[   14.878003] cloud-init[876]: +----[SHA256]-----+
[   14.884230] cloud-init[876]: Generating public/private ecdsa key pair.
[   14.886104] cloud-init[876]: Your identification has been saved in /etc/ssh/ssh_host_ecdsa_key.
[   14.888213] cloud-init[876]: Your public key has been saved in /etc/ssh/ssh_host_ecdsa_key.pub.
[   14.896413] cloud-init[876]: The key fingerprint is:
[   14.897747] cloud-init[876]: SHA256:ekk6Ew1FwJjzP3fXGJY8jG5Xm7k0fKY2zk0KjPWfUsE root@ubuntu-bionic
[   14.900112] cloud-init[876]: The key's randomart image is:
[   14.904238] cloud-init[876]: +---[ECDSA 256]---+
[   14.905605] cloud-init[876]: |     +.oo        |
[   14.908256] cloud-init[876]: |    + ..         |
[   14.909523] cloud-init[876]: |     o.      +.. |
[   14.912212] cloud-init[876]: |      .o    . BE.|
[   14.916281] cloud-init[876]: |      ..S  ....*=|
[   14.917740] cloud-init[876]: |       =o..++.+O+|
[   14.920279] cloud-init[876]: |      = oo.ooo+o=|
[   14.928294] cloud-init[876]: |       +     ++*.|
[   14.929789] cloud-init[876]: |             o=oo|
[   14.932234] cloud-init[876]: +----[SHA256]-----+
[   14.936327] cloud-init[876]: Generating public/private ed25519 key pair.
[   14.938131] cloud-init[876]: Your identification has been saved in /etc/ssh/ssh_host_ed25519_key.
[   14.944455] cloud-init[876]: Your public key has been saved in /etc/ssh/ssh_host_ed25519_key.pub.
[   14.948358] cloud-init[876]: The key fingerprint is:
[   14.952337] cloud-init[876]: SHA256:ja1feZ81TL83YQaya93ivcLZUjKRfvWnsSjNeeMtEbM root@ubuntu-bionic
[   14.956329] cloud-init[876]: The key's randomart image is:
[   14.960266] cloud-init[876]: +--[ED25519 256]--+
[   14.964320] cloud-init[876]: |                 |
[   14.968300] cloud-init[876]: |                 |
[   14.969873] cloud-init[876]: |              .  |
[[0;32m  OK  [0m] Started Initial cloud-init job (metadata service crawler).
[[0;32m  OK  [0m] Reached target System Initialization.[   14.976406] cloud-init[876]: |         + . +o .|
[   14.977800] cloud-init[876]: |        S o + o=o|
[   14.979220] cloud-init[876]: |         . . =E*+|
         Starting Socket activation for snappy daemon.

[   14.985253] cloud-init[876]: |        .  o*o%B=|
[[0;32m  OK  [0m] Started Ubuntu Advantage Timer for running repeated jobs.
[[0;32m  OK  [0m] Started Daily apt download activities.
[[0;32m  OK  [0m] Started Message of the Day.
[   15.001414] cloud-init[876]: |         ..+=OB**|
[   15.003242] cloud-init[876]: |          o..+=B*|
[   15.004936]          Starting LXD - unix socket.
[[0;32m  OK  [0m] Listening on cloud-init hotplug hook socket.
[[0;32m  OK  [0m] Started Discard unused blocks once a week.
[[0;32m  OK  [0m] Started Daily Cleanup of Temporary Directories.
cloud-init[876]: +----[SHA256]-----+
[[0;32m  OK  [0m] Listening on UUID daemon activation socket.
[[0;32m  OK  [0m] Started Daily apt upgrade and clean activities.
[[0;32m  OK  [0m] Reached target Timers.
[[0;32m  OK  [0m] Listening on ACPID Listen Socket.
[[0;32m  OK  [0m] Started ACPI Events Check.
[[0;32m  OK  [0m] Reached target Paths.
[[0;32m  OK  [0m] Listening on D-Bus System Message Bus Socket.
[[0;32m  OK  [0m] Listening on Open-iSCSI iscsid Socket.
[[0;32m  OK  [0m] Reached target Network is Online.
         Starting Availability of block devices...
[[0;32m  OK  [0m] Reached target Remote File Systems (Pre).
[[0;32m  OK  [0m] Reached target Remote File Systems.
[[0;32m  OK  [0m] Reached target Cloud-config availability.
[[0;32m  OK  [0m] Listening on Socket activation for snappy daemon.
[[0;32m  OK  [0m] Listening on LXD - unix socket.
[[0;32m  OK  [0m] Started Availability of block devices.
[[0;32m  OK  [0m] Reached target Sockets.
[[0;32m  OK  [0m] Reached target Basic System.
[[0;32m  OK  [0m] Started FUSE filesystem for LXC.
[[0;32m  OK  [0m] Started irqbalance daemon.
         Starting LSB: automatic crash report generation...
[[0;32m  OK  [0m] Started D-Bus System Message Bus.
         Starting Dispatcher daemon for systemd-networkd...
         Starting LXD - container startup/shutdown...
[[0;32m  OK  [0m] Started Deferred execution scheduler.
         Starting Pollinate to seed the pseudo random number generator...
         Starting Permit User Sessions...
         Starting System Logging Service...
[[0;32m  OK  [0m] Started Regular background program processing daemon.
         Starting Accounts Service...
         Starting Virtualbox guest utils...
         Starting LSB: Record successful boot for GRUB...
         Starting Login Service...
         Starting Snap Daemon...
[[0;32m  OK  [0m] Started System Logging Service.
[[0;32m  OK  [0m] Started Permit User Sessions.
         Starting Hold until boot process finishes up...
         Starting Terminate Plymouth Boot Screen...
[[0;32m  OK  [0m] Started Hold until boot process finishes up.
[[0;32m  OK  [0m] Started Serial Getty on ttyS0.
         Starting Set console scheme...
[[0;32m  OK  [0m] Started Terminate Plymouth Boot Screen.
[[0;32m  OK  [0m] Started Set console scheme.
[[0;32m  OK  [0m] Created slice system-getty.slice.
[[0;32m  OK  [0m] Started Getty on tty1.
[[0;32m  OK  [0m] Reached target Login Prompts.
[[0;32m  OK  [0m] Started LXD - container startup/shutdown.
[[0;32m  OK  [0m] Started LSB: automatic crash report generation.
[[0;32m  OK  [0m] Started Login Service.
[[0;32m  OK  [0m] Started Unattended Upgrades Shutdown.
         Starting Authorization Manager...
[[0;32m  OK  [0m] Started Authorization Manager.
[[0;32m  OK  [0m] Started Accounts Service.
[[0;32m  OK  [0m] Started LSB: Record successful boot for GRUB.
[[0;32m  OK  [0m] Started Virtualbox guest utils.
[[0;32m  OK  [0m] Started Dispatcher daemon for systemd-networkd.
[[0;32m  OK  [0m] Started Snap Daemon.
         Starting Wait until snapd is fully seeded...
         Starting Time & Date Service...
[[0;32m  OK  [0m] Started Time & Date Service.
[[0;32m  OK  [0m] Started Pollinate to seed the pseudo random number generator.
         Starting OpenBSD Secure Shell server...
[[0;32m  OK  [0m] Started OpenBSD Secure Shell server.
[[0;32m  OK  [0m] Created slice User Slice of vagrant.
         Starting User Manager for UID 1000...
[[0;32m  OK  [0m] Started Session 1 of user vagrant.
[[0;32m  OK  [0m] Started User Manager for UID 1000.
[[0;32m  OK  [0m] Started Wait until snapd is fully seeded.
         Starting Apply the settings specified in cloud-config...
[   21.354007] cloud-init[1293]: Cloud-init v. 22.2-0ubuntu1~18.04.3 running 'modules:config' at Sat, 10 Sep 2022 01:29:57 +0000. Up 20.13 seconds.

Ubuntu 18.04.6 LTS ubuntu-bionic ttyS0

ubuntu-bionic login: ci-info: no authorized SSH keys fingerprints found for user ubuntu.
<14>Sep 10 01:30:00 cloud-init: #############################################################
<14>Sep 10 01:30:00 cloud-init: -----BEGIN SSH HOST KEY FINGERPRINTS-----
<14>Sep 10 01:30:00 cloud-init: 1024 SHA256:REv1fbFg6W+E2YM/gcXB8muzJJZrI+aQ7U7T4BeKZ4Y root@ubuntu-bionic (DSA)
<14>Sep 10 01:30:00 cloud-init: 256 SHA256:ekk6Ew1FwJjzP3fXGJY8jG5Xm7k0fKY2zk0KjPWfUsE root@ubuntu-bionic (ECDSA)
<14>Sep 10 01:30:00 cloud-init: 256 SHA256:ja1feZ81TL83YQaya93ivcLZUjKRfvWnsSjNeeMtEbM root@ubuntu-bionic (ED25519)
<14>Sep 10 01:30:00 cloud-init: 2048 SHA256:l/9sut2/olGAlMFo9jYX48jMGzLeIxwv7zh2DsuTQZk root@ubuntu-bionic (RSA)
<14>Sep 10 01:30:00 cloud-init: -----END SSH HOST KEY FINGERPRINTS-----
<14>Sep 10 01:30:00 cloud-init: #############################################################
-----BEGIN SSH HOST KEY KEYS-----
ecdsa-sha2-nistp256 AAAAE2VjZHNhLXNoYTItbmlzdHAyNTYAAAAIbmlzdHAyNTYAAABBBBPoQmFtmCvH5Cg+zfjcX6ktknTsZl+2wTDRcbexA9BjpovqaArjm+er/HRQxjxiOTxkKlMSexMrqZBpx0daMns= root@ubuntu-bionic
ssh-ed25519 AAAAC3NzaC1lZDI1NTE5AAAAIGIWJA+hpTlK3gtSN6pzzGbs6RxlzIaIVx2eS4dNbHWy root@ubuntu-bionic
ssh-rsa AAAAB3NzaC1yc2EAAAADAQABAAABAQClCBrb6BpKUO4Aw+0OLMBOZwlG/etV5E4d/1UJl9rNa9+Fr1fyPHpk55iPXE4y+Nbx9mgYP/6NcWh7vnml02JqkEQgbGRyfWGqdZOMUHN6G9d5zTkQosYDJvWYwgykJJfs6MIkloNKWenSOV/Zw/9qRdAVDdbVVzTsk+W8lRQD7BjN47pLO4PHro4gVexckN8ujpsGfX1bmuaZdhJHIDjDXMbTLFRe2kH3nT1r5dYay6D+sXP9WWYVZ1aQ5/e41TE1GnTcVljze655VTfyQPf7dliRKn3lH/5HtZNnvcp/4/xo/O/fjRN9tuGrvlFokzTflPbnQvmhxe1oT7x/I/4/ root@ubuntu-bionic
-----END SSH HOST KEY KEYS-----
[   23.321362] cloud-init[1417]: Cloud-init v. 22.2-0ubuntu1~18.04.3 running 'modules:final' at Sat, 10 Sep 2022 01:30:00 +0000. Up 22.82 seconds.
[   23.322378] cloud-init[1417]: Cloud-init v. 22.2-0ubuntu1~18.04.3 finished at Sat, 10 Sep 2022 01:30:00 +0000. Datasource DataSourceNoCloud [seed=/dev/sdb][dsmode=net].  Up 23.29 seconds
